<?xml version="1.0" encoding="UTF-8"?>
<testsuite name="com.tgs.tgs_backend.TgsBackendApplicationTests" tests="1" skipped="0" failures="0" errors="0" timestamp="2022-01-29T08:07:21" hostname="Minjis-MacBookPro.local" time="0.319">
  <properties/>
  <testcase name="contextLoads()" classname="com.tgs.tgs_backend.TgsBackendApplicationTests" time="0.319"/>
  <system-out><![CDATA[17:07:19.450 [Test worker] DEBUG org.springframework.test.context.BootstrapUtils - Instantiating CacheAwareContextLoaderDelegate from class [org.springframework.test.context.cache.DefaultCacheAwareContextLoaderDelegate]
17:07:19.461 [Test worker] DEBUG org.springframework.test.context.BootstrapUtils - Instantiating BootstrapContext using constructor [public org.springframework.test.context.support.DefaultBootstrapContext(java.lang.Class,org.springframework.test.context.CacheAwareContextLoaderDelegate)]
17:07:19.491 [Test worker] DEBUG org.springframework.test.context.BootstrapUtils - Instantiating TestContextBootstrapper for test class [com.tgs.tgs_backend.TgsBackendApplicationTests] from class [org.springframework.boot.test.context.SpringBootTestContextBootstrapper]
17:07:19.499 [Test worker] INFO org.springframework.boot.test.context.SpringBootTestContextBootstrapper - Neither @ContextConfiguration nor @ContextHierarchy found for test class [com.tgs.tgs_backend.TgsBackendApplicationTests], using SpringBootContextLoader
17:07:19.502 [Test worker] DEBUG org.springframework.test.context.support.AbstractContextLoader - Did not detect default resource location for test class [com.tgs.tgs_backend.TgsBackendApplicationTests]: class path resource [com/tgs/tgs_backend/TgsBackendApplicationTests-context.xml] does not exist
17:07:19.502 [Test worker] DEBUG org.springframework.test.context.support.AbstractContextLoader - Did not detect default resource location for test class [com.tgs.tgs_backend.TgsBackendApplicationTests]: class path resource [com/tgs/tgs_backend/TgsBackendApplicationTestsContext.groovy] does not exist
17:07:19.502 [Test worker] INFO org.springframework.test.context.support.AbstractContextLoader - Could not detect default resource locations for test class [com.tgs.tgs_backend.TgsBackendApplicationTests]: no resource found for suffixes {-context.xml, Context.groovy}.
17:07:19.503 [Test worker] INFO org.springframework.test.context.support.AnnotationConfigContextLoaderUtils - Could not detect default configuration classes for test class [com.tgs.tgs_backend.TgsBackendApplicationTests]: TgsBackendApplicationTests does not declare any static, non-private, non-final, nested classes annotated with @Configuration.
17:07:19.535 [Test worker] DEBUG org.springframework.test.context.support.ActiveProfilesUtils - Could not find an 'annotation declaring class' for annotation type [org.springframework.test.context.ActiveProfiles] and class [com.tgs.tgs_backend.TgsBackendApplicationTests]
17:07:19.580 [Test worker] DEBUG org.springframework.context.annotation.ClassPathScanningCandidateComponentProvider - Identified candidate component class: file [/Users/minji/TGS/tgs_backend/build/classes/java/main/com/tgs/tgs_backend/TgsBackendApplication.class]
17:07:19.581 [Test worker] INFO org.springframework.boot.test.context.SpringBootTestContextBootstrapper - Found @SpringBootConfiguration com.tgs.tgs_backend.TgsBackendApplication for test class com.tgs.tgs_backend.TgsBackendApplicationTests
17:07:19.652 [Test worker] DEBUG org.springframework.boot.test.context.SpringBootTestContextBootstrapper - @TestExecutionListeners is not present for class [com.tgs.tgs_backend.TgsBackendApplicationTests]: using defaults.
17:07:19.652 [Test worker] INFO org.springframework.boot.test.context.SpringBootTestContextBootstrapper - Loaded default TestExecutionListener class names from location [META-INF/spring.factories]: [org.springframework.boot.test.autoconfigure.restdocs.RestDocsTestExecutionListener, org.springframework.boot.test.autoconfigure.web.client.MockRestServiceServerResetTestExecutionListener, org.springframework.boot.test.autoconfigure.web.servlet.MockMvcPrintOnlyOnFailureTestExecutionListener, org.springframework.boot.test.autoconfigure.web.servlet.WebDriverTestExecutionListener, org.springframework.boot.test.autoconfigure.webservices.client.MockWebServiceServerTestExecutionListener, org.springframework.boot.test.mock.mockito.MockitoTestExecutionListener, org.springframework.boot.test.mock.mockito.ResetMocksTestExecutionListener, org.springframework.test.context.web.ServletTestExecutionListener, org.springframework.test.context.support.DirtiesContextBeforeModesTestExecutionListener, org.springframework.test.context.event.ApplicationEventsTestExecutionListener, org.springframework.test.context.support.DependencyInjectionTestExecutionListener, org.springframework.test.context.support.DirtiesContextTestExecutionListener, org.springframework.test.context.transaction.TransactionalTestExecutionListener, org.springframework.test.context.jdbc.SqlScriptsTestExecutionListener, org.springframework.test.context.event.EventPublishingTestExecutionListener]
17:07:19.661 [Test worker] DEBUG org.springframework.boot.test.context.SpringBootTestContextBootstrapper - Skipping candidate TestExecutionListener [org.springframework.test.context.transaction.TransactionalTestExecutionListener] due to a missing dependency. Specify custom listener classes or make the default listener classes and their required dependencies available. Offending class: [org/springframework/transaction/interceptor/TransactionAttributeSource]
17:07:19.661 [Test worker] DEBUG org.springframework.boot.test.context.SpringBootTestContextBootstrapper - Skipping candidate TestExecutionListener [org.springframework.test.context.jdbc.SqlScriptsTestExecutionListener] due to a missing dependency. Specify custom listener classes or make the default listener classes and their required dependencies available. Offending class: [org/springframework/transaction/interceptor/TransactionAttribute]
17:07:19.662 [Test worker] INFO org.springframework.boot.test.context.SpringBootTestContextBootstrapper - Using TestExecutionListeners: [org.springframework.test.context.web.ServletTestExecutionListener@7756c3cd, org.springframework.test.context.support.DirtiesContextBeforeModesTestExecutionListener@2313052e, org.springframework.test.context.event.ApplicationEventsTestExecutionListener@2bd2b28e, org.springframework.boot.test.mock.mockito.MockitoTestExecutionListener@16746061, org.springframework.boot.test.autoconfigure.SpringBootDependencyInjectionTestExecutionListener@57fd91c9, org.springframework.test.context.support.DirtiesContextTestExecutionListener@6cfcd46d, org.springframework.test.context.event.EventPublishingTestExecutionListener@52045dbe, org.springframework.boot.test.autoconfigure.restdocs.RestDocsTestExecutionListener@674658f7, org.springframework.boot.test.autoconfigure.web.client.MockRestServiceServerResetTestExecutionListener@5c8eee0f, org.springframework.boot.test.autoconfigure.web.servlet.MockMvcPrintOnlyOnFailureTestExecutionListener@565b064f, org.springframework.boot.test.autoconfigure.web.servlet.WebDriverTestExecutionListener@26425897, org.springframework.boot.test.autoconfigure.webservices.client.MockWebServiceServerTestExecutionListener@73163d48, org.springframework.boot.test.mock.mockito.ResetMocksTestExecutionListener@58c34bb3]
17:07:19.664 [Test worker] DEBUG org.springframework.test.context.support.AbstractDirtiesContextTestExecutionListener - Before test class: context [DefaultTestContext@63b1d4fa testClass = TgsBackendApplicationTests, testInstance = [null], testMethod = [null], testException = [null], mergedContextConfiguration = [WebMergedContextConfiguration@42e3ede4 testClass = TgsBackendApplicationTests, locations = '{}', classes = '{class com.tgs.tgs_backend.TgsBackendApplication}', contextInitializerClasses = '[]', activeProfiles = '{}', propertySourceLocations = '{}', propertySourceProperties = '{org.springframework.boot.test.context.SpringBootTestContextBootstrapper=true}', contextCustomizers = set[org.springframework.boot.test.autoconfigure.actuate.metrics.MetricsExportContextCustomizerFactory$DisableMetricExportContextCustomizer@7aaca91a, org.springframework.boot.test.autoconfigure.properties.PropertyMappingContextCustomizer@0, org.springframework.boot.test.autoconfigure.web.servlet.WebDriverContextCustomizerFactory$Customizer@4397ad89, org.springframework.boot.test.context.filter.ExcludeFilterContextCustomizer@71329995, org.springframework.boot.test.json.DuplicateJsonObjectContextCustomizerFactory$DuplicateJsonObjectContextCustomizer@20c0a64d, org.springframework.boot.test.mock.mockito.MockitoContextCustomizer@0, org.springframework.boot.test.web.client.TestRestTemplateContextCustomizer@4241e0f4, org.springframework.boot.test.context.SpringBootTestArgs@1, org.springframework.boot.test.context.SpringBootTestWebEnvironment@77f1baf5], resourceBasePath = 'src/main/webapp', contextLoader = 'org.springframework.boot.test.context.SpringBootContextLoader', parent = [null]], attributes = map['org.springframework.test.context.web.ServletTestExecutionListener.activateListener' -> true]], class annotated with @DirtiesContext [false] with mode [null].

  .   ____          _            __ _ _
 /\\ / ___'_ __ _ _(_)_ __  __ _ \ \ \ \
( ( )\___ | '_ | '_| | '_ \/ _` | \ \ \ \
 \\/  ___)| |_)| | | | | || (_| |  ) ) ) )
  '  |____| .__|_| |_|_| |_\__, | / / / /
 =========|_|==============|___/=/_/_/_/
 :: Spring Boot ::                (v2.6.3)

2022-01-29 17:07:20.074  INFO 24222 --- [    Test worker] c.t.t.TgsBackendApplicationTests         : Starting TgsBackendApplicationTests using Java 17.0.1 on Minjis-MacBookPro.local with PID 24222 (started by minji in /Users/minji/TGS/tgs_backend)
2022-01-29 17:07:20.075  INFO 24222 --- [    Test worker] c.t.t.TgsBackendApplicationTests         : No active profile set, falling back to default profiles: default
2022-01-29 17:07:21.159  INFO 24222 --- [    Test worker] c.t.t.TgsBackendApplicationTests         : Started TgsBackendApplicationTests in 1.465 seconds (JVM running for 2.414)
]]></system-out>
  <system-err><![CDATA[]]></system-err>
</testsuite>
